# JRE version: OpenJDK Runtime Environment (8.0_242-b01) (build 1.8.0_242-release-1644-b01)
# Java VM: OpenJDK 64-Bit Server VM (25.242-b01 mixed mode windows-amd64 compressed oops)
Heap:
 PSYoungGen      total 457216K, used 389855K [0x00000000d5580000, 0x00000000f7180000, 0x0000000100000000)
  eden space 425984K, 88% used [0x00000000d5580000,0x00000000ec537328,0x00000000ef580000)
  from space 31232K, 42% used [0x00000000f1180000,0x00000000f1e809f8,0x00000000f3000000)
  to   space 28672K, 0% used [0x00000000ef580000,0x00000000ef580000,0x00000000f1180000)
 ParOldGen       total 236032K, used 102421K [0x0000000080000000, 0x000000008e680000, 0x00000000d5580000)
  object space 236032K, 43% used [0x0000000080000000,0x0000000086405538,0x000000008e680000)
 Metaspace       used 85669K, capacity 91486K, committed 91816K, reserved 1128448K
  class space    used 11818K, capacity 12885K, committed 12968K, reserved 1048576K
GC Heap History (10 events):
Event: 11.980 GC heap before
{Heap before GC invocations=21 (full 3):
 PSYoungGen      total 329728K, used 303104K [0x00000000d5580000, 0x00000000ef280000, 0x0000000100000000)
  eden space 294912K, 100% used [0x00000000d5580000,0x00000000e7580000,0x00000000e7580000)
  from space 34816K, 23% used [0x00000000e7580000,0x00000000e7d80000,0x00000000e9780000)
  to   space 34304K, 0% used [0x00000000ed100000,0x00000000ed100000,0x00000000ef280000)
 ParOldGen       total 236032K, used 95884K [0x0000000080000000, 0x000000008e680000, 0x00000000d5580000)
  object space 236032K, 40% used [0x0000000080000000,0x0000000085da3180,0x000000008e680000)
 Metaspace       used 80957K, capacity 86494K, committed 86568K, reserved 1124352K
  class space    used 11275K, capacity 12283K, committed 12328K, reserved 1048576K
Event: 11.989 GC heap after
Heap after GC invocations=21 (full 3):
 PSYoungGen      total 385536K, used 9408K [0x00000000d5580000, 0x00000000ef080000, 0x0000000100000000)
  eden space 353280K, 0% used [0x00000000d5580000,0x00000000d5580000,0x00000000eae80000)
  from space 32256K, 29% used [0x00000000ed100000,0x00000000eda30010,0x00000000ef080000)
  to   space 33792K, 0% used [0x00000000eae80000,0x00000000eae80000,0x00000000ecf80000)
 ParOldGen       total 236032K, used 97233K [0x0000000080000000, 0x000000008e680000, 0x00000000d5580000)
  object space 236032K, 41% used [0x0000000080000000,0x0000000085ef44e8,0x000000008e680000)
 Metaspace       used 80957K, capacity 86494K, committed 86568K, reserved 1124352K
  class space    used 11275K, capacity 12283K, committed 12328K, reserved 1048576K
}
Event: 12.320 GC heap before
{Heap before GC invocations=22 (full 3):
 PSYoungGen      total 385536K, used 362688K [0x00000000d5580000, 0x00000000ef080000, 0x0000000100000000)
  eden space 353280K, 100% used [0x00000000d5580000,0x00000000eae80000,0x00000000eae80000)
  from space 32256K, 29% used [0x00000000ed100000,0x00000000eda30010,0x00000000ef080000)
  to   space 33792K, 0% used [0x00000000eae80000,0x00000000eae80000,0x00000000ecf80000)
 ParOldGen       total 236032K, used 97233K [0x0000000080000000, 0x000000008e680000, 0x00000000d5580000)
  object space 236032K, 41% used [0x0000000080000000,0x0000000085ef44e8,0x000000008e680000)
 Metaspace       used 80990K, capacity 86562K, committed 86824K, reserved 1124352K
  class space    used 11275K, capacity 12283K, committed 12328K, reserved 1048576K
Event: 12.333 GC heap after
Heap after GC invocations=22 (full 3):
 PSYoungGen      total 387072K, used 10912K [0x00000000d5580000, 0x00000000f3180000, 0x0000000100000000)
  eden space 353280K, 0% used [0x00000000d5580000,0x00000000d5580000,0x00000000eae80000)
  from space 33792K, 32% used [0x00000000eae80000,0x00000000eb928010,0x00000000ecf80000)
  to   space 32768K, 0% used [0x00000000f1180000,0x00000000f1180000,0x00000000f3180000)
 ParOldGen       total 236032K, used 98953K [0x0000000080000000, 0x000000008e680000, 0x00000000d5580000)
  object space 236032K, 41% used [0x0000000080000000,0x00000000860a24e8,0x000000008e680000)
 Metaspace       used 80990K, capacity 86562K, committed 86824K, reserved 1124352K
  class space    used 11275K, capacity 12283K, committed 12328K, reserved 1048576K
}
Event: 12.632 GC heap before
{Heap before GC invocations=23 (full 3):
 PSYoungGen      total 387072K, used 364192K [0x00000000d5580000, 0x00000000f3180000, 0x0000000100000000)
  eden space 353280K, 100% used [0x00000000d5580000,0x00000000eae80000,0x00000000eae80000)
  from space 33792K, 32% used [0x00000000eae80000,0x00000000eb928010,0x00000000ecf80000)
  to   space 32768K, 0% used [0x00000000f1180000,0x00000000f1180000,0x00000000f3180000)
 ParOldGen       total 236032K, used 98953K [0x0000000080000000, 0x000000008e680000, 0x00000000d5580000)
  object space 236032K, 41% used [0x0000000080000000,0x00000000860a24e8,0x000000008e680000)
 Metaspace       used 81074K, capacity 86638K, committed 86824K, reserved 1124352K
  class space    used 11275K, capacity 12283K, committed 12328K, reserved 1048576K
Event: 12.647 GC heap after
Heap after GC invocations=23 (full 3):
 PSYoungGen      total 454656K, used 14032K [0x00000000d5580000, 0x00000000f3000000, 0x0000000100000000)
  eden space 423424K, 0% used [0x00000000d5580000,0x00000000d5580000,0x00000000ef300000)
  from space 31232K, 44% used [0x00000000f1180000,0x00000000f1f34138,0x00000000f3000000)
  to   space 31232K, 0% used [0x00000000ef300000,0x00000000ef300000,0x00000000f1180000)
 ParOldGen       total 236032K, used 100669K [0x0000000080000000, 0x000000008e680000, 0x00000000d5580000)
  object space 236032K, 42% used [0x0000000080000000,0x000000008624f4f8,0x000000008e680000)
 Metaspace       used 81074K, capacity 86638K, committed 86824K, reserved 1124352K
  class space    used 11275K, capacity 12283K, committed 12328K, reserved 1048576K
}
Event: 13.227 GC heap before
{Heap before GC invocations=24 (full 3):
 PSYoungGen      total 454656K, used 437456K [0x00000000d5580000, 0x00000000f3000000, 0x0000000100000000)
  eden space 423424K, 100% used [0x00000000d5580000,0x00000000ef300000,0x00000000ef300000)
  from space 31232K, 44% used [0x00000000f1180000,0x00000000f1f34138,0x00000000f3000000)
  to   space 31232K, 0% used [0x00000000ef300000,0x00000000ef300000,0x00000000f1180000)
 ParOldGen       total 236032K, used 100669K [0x0000000080000000, 0x000000008e680000, 0x00000000d5580000)
  object space 236032K, 42% used [0x0000000080000000,0x000000008624f4f8,0x000000008e680000)
 Metaspace       used 81346K, capacity 86842K, committed 87080K, reserved 1124352K
  class space    used 11276K, capacity 12283K, committed 12328K, reserved 1048576K
Event: 13.243 GC heap after
Heap after GC invocations=24 (full 3):
 PSYoungGen      total 454656K, used 14967K [0x00000000d5580000, 0x00000000f3000000, 0x0000000100000000)
  eden space 423424K, 0% used [0x00000000d5580000,0x00000000d5580000,0x00000000ef300000)
  from space 31232K, 47% used [0x00000000ef300000,0x00000000f019dfc0,0x00000000f1180000)
  to   space 31232K, 0% used [0x00000000f1180000,0x00000000f1180000,0x00000000f3000000)
 ParOldGen       total 236032K, used 102413K [0x0000000080000000, 0x000000008e680000, 0x00000000d5580000)
  object space 236032K, 43% used [0x0000000080000000,0x0000000086403538,0x000000008e680000)
 Metaspace       used 81346K, capacity 86842K, committed 87080K, reserved 1124352K
  class space    used 11276K, capacity 12283K, committed 12328K, reserved 1048576K
}
Event: 14.064 GC heap before
{Heap before GC invocations=25 (full 3):
 PSYoungGen      total 454656K, used 438391K [0x00000000d5580000, 0x00000000f3000000, 0x0000000100000000)
  eden space 423424K, 100% used [0x00000000d5580000,0x00000000ef300000,0x00000000ef300000)
  from space 31232K, 47% used [0x00000000ef300000,0x00000000f019dfc0,0x00000000f1180000)
  to   space 31232K, 0% used [0x00000000f1180000,0x00000000f1180000,0x00000000f3000000)
 ParOldGen       total 236032K, used 102413K [0x0000000080000000, 0x000000008e680000, 0x00000000d5580000)
  object space 236032K, 43% used [0x0000000080000000,0x0000000086403538,0x000000008e680000)
 Metaspace       used 81411K, capacity 86914K, committed 87080K, reserved 1124352K
  class space    used 11276K, capacity 12283K, committed 12328K, reserved 1048576K
Event: 14.073 GC heap after
Heap after GC invocations=25 (full 3):
 PSYoungGen      total 457216K, used 13314K [0x00000000d5580000, 0x00000000f7180000, 0x0000000100000000)
  eden space 425984K, 0% used [0x00000000d5580000,0x00000000d5580000,0x00000000ef580000)
  from space 31232K, 42% used [0x00000000f1180000,0x00000000f1e809f8,0x00000000f3000000)
  to   space 28672K, 0% used [0x00000000ef580000,0x00000000ef580000,0x00000000f1180000)
 ParOldGen       total 236032K, used 102421K [0x0000000080000000, 0x000000008e680000, 0x00000000d5580000)
  object space 236032K, 43% used [0x0000000080000000,0x0000000086405538,0x000000008e680000)
 Metaspace       used 81411K, capacity 86914K, committed 87080K, reserved 1124352K
  class space    used 11276K, capacity 12283K, committed 12328K, reserved 1048576K
}

