# JRE version: OpenJDK Runtime Environment (8.0_242-b01) (build 1.8.0_242-release-1644-b01)
# Java VM: OpenJDK 64-Bit Server VM (25.242-b01 mixed mode windows-amd64 compressed oops)
Heap:
 PSYoungGen      total 641024K, used 404814K [0x00000000d5580000, 0x0000000100000000, 0x0000000100000000)
  eden space 589824K, 67% used [0x00000000d5580000,0x00000000eda03d88,0x00000000f9580000)
  from space 51200K, 13% used [0x00000000f9580000,0x00000000f9c4fc20,0x00000000fc780000)
  to   space 50176K, 0% used [0x00000000fcf00000,0x00000000fcf00000,0x0000000100000000)
 ParOldGen       total 349696K, used 91176K [0x0000000080000000, 0x0000000095580000, 0x00000000d5580000)
  object space 349696K, 26% used [0x0000000080000000,0x000000008590a038,0x0000000095580000)
 Metaspace       used 92535K, capacity 97598K, committed 103448K, reserved 1138688K
  class space    used 12179K, capacity 13123K, committed 14896K, reserved 1048576K
GC Heap History (10 events):
Event: 13.510 GC heap before
{Heap before GC invocations=25 (full 3):
 PSYoungGen      total 549376K, used 502703K [0x00000000d5580000, 0x0000000100000000, 0x0000000100000000)
  eden space 492032K, 100% used [0x00000000d5580000,0x00000000f3600000,0x00000000f3600000)
  from space 57344K, 18% used [0x00000000f3600000,0x00000000f406bcd8,0x00000000f6e00000)
  to   space 56320K, 0% used [0x00000000fc900000,0x00000000fc900000,0x0000000100000000)
 ParOldGen       total 219648K, used 176262K [0x0000000080000000, 0x000000008d680000, 0x00000000d5580000)
  object space 219648K, 80% used [0x0000000080000000,0x000000008ac21a80,0x000000008d680000)
 Metaspace       used 85269K, capacity 93552K, committed 93720K, reserved 1128448K
  class space    used 12193K, capacity 13803K, committed 13872K, reserved 1048576K
Event: 13.524 GC heap after
Heap after GC invocations=25 (full 3):
 PSYoungGen      total 638464K, used 8485K [0x00000000d5580000, 0x00000000ffd00000, 0x0000000100000000)
  eden space 585216K, 0% used [0x00000000d5580000,0x00000000d5580000,0x00000000f9100000)
  from space 53248K, 15% used [0x00000000fc900000,0x00000000fd1497e0,0x00000000ffd00000)
  to   space 55296K, 0% used [0x00000000f9100000,0x00000000f9100000,0x00000000fc700000)
 ParOldGen       total 219648K, used 184929K [0x0000000080000000, 0x000000008d680000, 0x00000000d5580000)
  object space 219648K, 84% used [0x0000000080000000,0x000000008b4984f8,0x000000008d680000)
 Metaspace       used 85269K, capacity 93552K, committed 93720K, reserved 1128448K
  class space    used 12193K, capacity 13803K, committed 13872K, reserved 1048576K
}
Event: 14.115 GC heap before
{Heap before GC invocations=26 (full 3):
 PSYoungGen      total 638464K, used 593701K [0x00000000d5580000, 0x00000000ffd00000, 0x0000000100000000)
  eden space 585216K, 100% used [0x00000000d5580000,0x00000000f9100000,0x00000000f9100000)
  from space 53248K, 15% used [0x00000000fc900000,0x00000000fd1497e0,0x00000000ffd00000)
  to   space 55296K, 0% used [0x00000000f9100000,0x00000000f9100000,0x00000000fc700000)
 ParOldGen       total 219648K, used 184929K [0x0000000080000000, 0x000000008d680000, 0x00000000d5580000)
  object space 219648K, 84% used [0x0000000080000000,0x000000008b4984f8,0x000000008d680000)
 Metaspace       used 85539K, capacity 93760K, committed 93976K, reserved 1130496K
  class space    used 12193K, capacity 13803K, committed 13872K, reserved 1048576K
Event: 14.127 GC heap after
Heap after GC invocations=26 (full 3):
 PSYoungGen      total 640512K, used 9417K [0x00000000d5580000, 0x00000000fff00000, 0x0000000100000000)
  eden space 585216K, 0% used [0x00000000d5580000,0x00000000d5580000,0x00000000f9100000)
  from space 55296K, 17% used [0x00000000f9100000,0x00000000f9a324f8,0x00000000fc700000)
  to   space 53760K, 0% used [0x00000000fca80000,0x00000000fca80000,0x00000000fff00000)
 ParOldGen       total 219648K, used 191125K [0x0000000080000000, 0x000000008d680000, 0x00000000d5580000)
  object space 219648K, 87% used [0x0000000080000000,0x000000008baa5670,0x000000008d680000)
 Metaspace       used 85539K, capacity 93760K, committed 93976K, reserved 1130496K
  class space    used 12193K, capacity 13803K, committed 13872K, reserved 1048576K
}
Event: 15.223 GC heap before
{Heap before GC invocations=27 (full 3):
 PSYoungGen      total 640512K, used 594633K [0x00000000d5580000, 0x00000000fff00000, 0x0000000100000000)
  eden space 585216K, 100% used [0x00000000d5580000,0x00000000f9100000,0x00000000f9100000)
  from space 55296K, 17% used [0x00000000f9100000,0x00000000f9a324f8,0x00000000fc700000)
  to   space 53760K, 0% used [0x00000000fca80000,0x00000000fca80000,0x00000000fff00000)
 ParOldGen       total 219648K, used 191125K [0x0000000080000000, 0x000000008d680000, 0x00000000d5580000)
  object space 219648K, 87% used [0x0000000080000000,0x000000008baa5670,0x000000008d680000)
 Metaspace       used 85719K, capacity 93982K, committed 94232K, reserved 1130496K
  class space    used 12195K, capacity 13804K, committed 13872K, reserved 1048576K
Event: 15.242 GC heap after
Heap after GC invocations=27 (full 3):
 PSYoungGen      total 637952K, used 17035K [0x00000000d5580000, 0x00000000ff980000, 0x0000000100000000)
  eden space 589824K, 0% used [0x00000000d5580000,0x00000000d5580000,0x00000000f9580000)
  from space 48128K, 35% used [0x00000000fca80000,0x00000000fdb22da8,0x00000000ff980000)
  to   space 51200K, 0% used [0x00000000f9580000,0x00000000f9580000,0x00000000fc780000)
 ParOldGen       total 219648K, used 197676K [0x0000000080000000, 0x000000008d680000, 0x00000000d5580000)
  object space 219648K, 89% used [0x0000000080000000,0x000000008c10b130,0x000000008d680000)
 Metaspace       used 85719K, capacity 93982K, committed 94232K, reserved 1130496K
  class space    used 12195K, capacity 13804K, committed 13872K, reserved 1048576K
}
Event: 15.242 GC heap before
{Heap before GC invocations=28 (full 4):
 PSYoungGen      total 637952K, used 17035K [0x00000000d5580000, 0x00000000ff980000, 0x0000000100000000)
  eden space 589824K, 0% used [0x00000000d5580000,0x00000000d5580000,0x00000000f9580000)
  from space 48128K, 35% used [0x00000000fca80000,0x00000000fdb22da8,0x00000000ff980000)
  to   space 51200K, 0% used [0x00000000f9580000,0x00000000f9580000,0x00000000fc780000)
 ParOldGen       total 219648K, used 197676K [0x0000000080000000, 0x000000008d680000, 0x00000000d5580000)
  object space 219648K, 89% used [0x0000000080000000,0x000000008c10b130,0x000000008d680000)
 Metaspace       used 85719K, capacity 93982K, committed 94232K, reserved 1130496K
  class space    used 12195K, capacity 13804K, committed 13872K, reserved 1048576K
Event: 15.378 GC heap after
Heap after GC invocations=28 (full 4):
 PSYoungGen      total 637952K, used 0K [0x00000000d5580000, 0x00000000ff980000, 0x0000000100000000)
  eden space 589824K, 0% used [0x00000000d5580000,0x00000000d5580000,0x00000000f9580000)
  from space 48128K, 0% used [0x00000000fca80000,0x00000000fca80000,0x00000000ff980000)
  to   space 51200K, 0% used [0x00000000f9580000,0x00000000f9580000,0x00000000fc780000)
 ParOldGen       total 349696K, used 91034K [0x0000000080000000, 0x0000000095580000, 0x00000000d5580000)
  object space 349696K, 26% used [0x0000000080000000,0x00000000858e6958,0x0000000095580000)
 Metaspace       used 82865K, capacity 87330K, committed 94232K, reserved 1130496K
  class space    used 11169K, capacity 11974K, committed 13872K, reserved 1048576K
}
Event: 19.654 GC heap before
{Heap before GC invocations=29 (full 4):
 PSYoungGen      total 637952K, used 589824K [0x00000000d5580000, 0x00000000ff980000, 0x0000000100000000)
  eden space 589824K, 100% used [0x00000000d5580000,0x00000000f9580000,0x00000000f9580000)
  from space 48128K, 0% used [0x00000000fca80000,0x00000000fca80000,0x00000000ff980000)
  to   space 51200K, 0% used [0x00000000f9580000,0x00000000f9580000,0x00000000fc780000)
 ParOldGen       total 349696K, used 91168K [0x0000000080000000, 0x0000000095580000, 0x00000000d5580000)
  object space 349696K, 26% used [0x0000000080000000,0x0000000085908038,0x0000000095580000)
 Metaspace       used 84915K, capacity 89682K, committed 95896K, reserved 1130496K
  class space    used 11377K, capacity 12212K, committed 14000K, reserved 1048576K
Event: 19.659 GC heap after
Heap after GC invocations=29 (full 4):
 PSYoungGen      total 641024K, used 6975K [0x00000000d5580000, 0x0000000100000000, 0x0000000100000000)
  eden space 589824K, 0% used [0x00000000d5580000,0x00000000d5580000,0x00000000f9580000)
  from space 51200K, 13% used [0x00000000f9580000,0x00000000f9c4fc20,0x00000000fc780000)
  to   space 50176K, 0% used [0x00000000fcf00000,0x00000000fcf00000,0x0000000100000000)
 ParOldGen       total 349696K, used 91176K [0x0000000080000000, 0x0000000095580000, 0x00000000d5580000)
  object space 349696K, 26% used [0x0000000080000000,0x000000008590a038,0x0000000095580000)
 Metaspace       used 84915K, capacity 89682K, committed 95896K, reserved 1130496K
  class space    used 11377K, capacity 12212K, committed 14000K, reserved 1048576K
}

